<?xml version="1.0" encoding="UTF-8"?>
<!-- Generated by org.testng.reporters.JUnitReportReporter -->
<testsuite hostname="LAPTOP-D0CIFDTL" failures="0" tests="1" name="convertJSONObjectResponseToPOJO.Video_62_CreateDynamicJSONPayloadUsingPOJO_RemoveNullValues" time="0.189" errors="0" timestamp="2022-12-27T21:23:57 IST" skipped="0">
  <testcase classname="convertJSONObjectResponseToPOJO.Video_62_CreateDynamicJSONPayloadUsingPOJO_RemoveNullValues" name="f1" time="0.189"/>
  <system-out/>
</testsuite> <!-- convertJSONObjectResponseToPOJO.Video_62_CreateDynamicJSONPayloadUsingPOJO_RemoveNullValues -->
