<?xml version="1.0" encoding="UTF-8"?>
<!-- Generated by org.testng.reporters.JUnitReportReporter -->
<testsuite hostname="LAPTOP-D0CIFDTL" failures="0" tests="3" name="payloadsexample.Video_40_Convert_JSONResponseToJavaList" time="3.156" errors="0" timestamp="2023-02-02T20:34:27 IST" skipped="2">
  <testcase classname="payloadsexample.Video_40_Convert_JSONResponseToJavaList" name="f1" time="3.156"/>
  <system-out/>
  <testcase classname="payloadsexample.Video_40_Convert_JSONResponseToJavaList" name="f3">
    <skipped/>
  </testcase> <!-- f3 -->
  <system-out/>
  <testcase classname="payloadsexample.Video_40_Convert_JSONResponseToJavaList" name="f2">
    <skipped/>
  </testcase> <!-- f2 -->
  <system-out/>
</testsuite> <!-- payloadsexample.Video_40_Convert_JSONResponseToJavaList -->
