<?xml version="1.0" encoding="UTF-8"?>
<!-- Generated by org.testng.reporters.JUnitReportReporter -->
<testsuite hostname="LAPTOP-D0CIFDTL" failures="0" tests="1" name="convertJSONObjectResponseToPOJO.Video_53_ConvertJSONObjectResponseToPOJOClass" time="3.641" errors="0" timestamp="2022-12-26T23:30:09 IST" skipped="0">
  <testcase classname="convertJSONObjectResponseToPOJO.Video_53_ConvertJSONObjectResponseToPOJOClass" name="f1" time="3.641"/>
  <system-out/>
</testsuite> <!-- convertJSONObjectResponseToPOJO.Video_53_ConvertJSONObjectResponseToPOJOClass -->
