<?xml version="1.0" encoding="UTF-8"?>
<!-- Generated by org.testng.reporters.JUnitReportReporter -->
<testsuite hostname="LAPTOP-D0CIFDTL" failures="0" tests="1" name="convertJSONObjectResponseToPOJO.Video_63_HowToUseJSONIncludeAtPropertyLevelToCreateDynamicPayload" time="0.195" errors="0" timestamp="2022-12-27T21:24:48 IST" skipped="0">
  <testcase classname="convertJSONObjectResponseToPOJO.Video_63_HowToUseJSONIncludeAtPropertyLevelToCreateDynamicPayload" name="f1" time="0.195"/>
  <system-out/>
</testsuite> <!-- convertJSONObjectResponseToPOJO.Video_63_HowToUseJSONIncludeAtPropertyLevelToCreateDynamicPayload -->
