<?xml version="1.0" encoding="UTF-8"?>
<!-- Generated by org.testng.reporters.JUnitReportReporter -->
<testsuite hostname="LAPTOP-D0CIFDTL" failures="0" tests="1" name="convertJSONObjectResponseToPOJO.Video_56_ConvertSimpleJSOnArrayResponseToPOJO" time="3.085" errors="0" timestamp="2022-11-18T23:03:27 IST" skipped="0">
  <testcase classname="convertJSONObjectResponseToPOJO.Video_56_ConvertSimpleJSOnArrayResponseToPOJO" name="f" time="3.085"/>
  <system-out/>
</testsuite> <!-- convertJSONObjectResponseToPOJO.Video_56_ConvertSimpleJSOnArrayResponseToPOJO -->
