<?xml version="1.0" encoding="UTF-8"?>
<!-- Generated by org.testng.reporters.JUnitReportReporter -->
<testsuite hostname="LAPTOP-D0CIFDTL" failures="0" tests="1" name="payloadsexample.Video_38_Designer_Mockey_IO_Example" time="2.403" errors="0" timestamp="2022-11-17T00:07:13 IST" skipped="0">
  <testcase classname="payloadsexample.Video_38_Designer_Mockey_IO_Example" name="f1" time="2.403"/>
  <system-out/>
</testsuite> <!-- payloadsexample.Video_38_Designer_Mockey_IO_Example -->
