<?xml version="1.0" encoding="UTF-8"?>
<!-- Generated by org.testng.reporters.JUnitReportReporter -->
<testsuite hostname="LAPTOP-D0CIFDTL" failures="0" tests="3" name="restfulbooker.Video10_PathParameterExample" time="2.613" errors="0" timestamp="2022-11-15T18:49:14 IST" skipped="2">
  <testcase classname="restfulbooker.Video10_PathParameterExample" name="getRequestUsingMap" time="2.613"/>
  <system-out/>
  <testcase classname="restfulbooker.Video10_PathParameterExample" name="getRequestInLine">
    <skipped/>
  </testcase> <!-- getRequestInLine -->
  <system-out/>
  <testcase classname="restfulbooker.Video10_PathParameterExample" name="getRequestInOneLine">
    <skipped/>
  </testcase> <!-- getRequestInOneLine -->
  <system-out/>
</testsuite> <!-- restfulbooker.Video10_PathParameterExample -->
