<?xml version="1.0" encoding="UTF-8"?>
<!-- Generated by org.testng.reporters.JUnitReportReporter -->
<testsuite hostname="LAPTOP-D0CIFDTL" failures="0" tests="1" name="convertJSONObjectResponseToPOJO.Video_62_CreateDynamicJSONPayloadUsingPOJO_RemoveNullValues" time="0.251" errors="0" timestamp="2022-11-19T11:36:28 IST" skipped="0">
  <testcase classname="convertJSONObjectResponseToPOJO.Video_62_CreateDynamicJSONPayloadUsingPOJO_RemoveNullValues" name="f1" time="0.251"/>
  <system-out/>
</testsuite> <!-- convertJSONObjectResponseToPOJO.Video_62_CreateDynamicJSONPayloadUsingPOJO_RemoveNullValues -->
