<?xml version="1.0" encoding="UTF-8"?>
<!-- Generated by org.testng.reporters.JUnitReportReporter -->
<testsuite hostname="LAPTOP-D0CIFDTL" failures="0" tests="2" name="jsonpathexample.Video_30_ReadJSON_PathUsingFilters" time="1.303" errors="0" timestamp="2023-05-15T07:19:18 IST" skipped="0">
  <testcase classname="jsonpathexample.Video_30_ReadJSON_PathUsingFilters" name="f1" time="1.207"/>
  <system-out/>
  <testcase classname="jsonpathexample.Video_30_ReadJSON_PathUsingFilters" name="f2" time="0.096"/>
  <system-out/>
</testsuite> <!-- jsonpathexample.Video_30_ReadJSON_PathUsingFilters -->
