<?xml version="1.0" encoding="UTF-8"?>
<!-- Generated by org.testng.reporters.JUnitReportReporter -->
<testsuite hostname="LAPTOP-D0CIFDTL" failures="0" tests="1" name="parseJsonData.TestClass1" time="0.014" errors="0" timestamp="2023-02-18T15:15:32 IST" skipped="0">
  <testcase classname="parseJsonData.TestClass1" name="f1" time="0.014"/>
  <system-out/>
</testsuite> <!-- parseJsonData.TestClass1 -->
