<?xml version="1.0" encoding="UTF-8"?>
<!-- Generated by org.testng.reporters.JUnitReportReporter -->
<testsuite hostname="LAPTOP-D0CIFDTL" failures="0" tests="1" name="convertJSONObjectResponseToPOJO.Video_53_ConvertJSONObjectResponseToPOJOClass" time="2.960" errors="0" timestamp="2022-11-18T20:34:48 IST" skipped="0">
  <testcase classname="convertJSONObjectResponseToPOJO.Video_53_ConvertJSONObjectResponseToPOJOClass" name="f1" time="2.960"/>
  <system-out/>
</testsuite> <!-- convertJSONObjectResponseToPOJO.Video_53_ConvertJSONObjectResponseToPOJOClass -->
