<?xml version="1.0" encoding="UTF-8"?>
<!-- Generated by org.testng.reporters.JUnitReportReporter -->
<testsuite hostname="LAPTOP-D0CIFDTL" failures="0" tests="1" name="payloadsexample.Video_34_CreateSimpleJsonObjectUsingMap" time="1.343" errors="0" timestamp="2023-06-30T23:06:39 IST" skipped="0">
  <testcase classname="payloadsexample.Video_34_CreateSimpleJsonObjectUsingMap" name="f" time="1.343"/>
  <system-out/>
</testsuite> <!-- payloadsexample.Video_34_CreateSimpleJsonObjectUsingMap -->
