<?xml version="1.0" encoding="UTF-8"?>
<!-- Generated by org.testng.reporters.JUnitReportReporter -->
<testsuite hostname="LAPTOP-D0CIFDTL" failures="0" tests="2" name="jsonpathexample.Video_30_ReadJSON_PathUsingFilters" time="1.500" errors="0" timestamp="2023-01-14T13:25:12 IST" skipped="0">
  <testcase classname="jsonpathexample.Video_30_ReadJSON_PathUsingFilters" name="f2" time="0.079"/>
  <system-out/>
  <testcase classname="jsonpathexample.Video_30_ReadJSON_PathUsingFilters" name="f1" time="1.421"/>
  <system-out/>
</testsuite> <!-- jsonpathexample.Video_30_ReadJSON_PathUsingFilters -->
