<?xml version="1.0" encoding="UTF-8"?>
<!-- Generated by org.testng.reporters.JUnitReportReporter -->
<testsuite hostname="LAPTOP-D0CIFDTL" failures="0" tests="3" name="payloadsexample.Video_41_HandlingDynamicJSONResponse" time="2.742" errors="0" timestamp="2023-01-14T14:38:18 IST" skipped="2">
  <testcase classname="payloadsexample.Video_41_HandlingDynamicJSONResponse" name="f2" time="2.742"/>
  <system-out/>
  <testcase classname="payloadsexample.Video_41_HandlingDynamicJSONResponse" name="f">
    <skipped/>
  </testcase> <!-- f -->
  <system-out/>
  <testcase classname="payloadsexample.Video_41_HandlingDynamicJSONResponse" name="f1">
    <skipped/>
  </testcase> <!-- f1 -->
  <system-out/>
</testsuite> <!-- payloadsexample.Video_41_HandlingDynamicJSONResponse -->
