<?xml version="1.0" encoding="UTF-8"?>
<!-- Generated by org.testng.reporters.JUnitReportReporter -->
<testsuite hostname="LAPTOP-D0CIFDTL" failures="0" tests="2" name="convertJSONObjectResponseToPOJO.Video_58_ConvertJsonToPOJOClassToHandleDynamicPayloadUsingJackson" time="0.285" errors="0" timestamp="2022-11-19T09:23:24 IST" skipped="1">
  <testcase classname="convertJSONObjectResponseToPOJO.Video_58_ConvertJsonToPOJOClassToHandleDynamicPayloadUsingJackson" name="f1" time="0.285"/>
  <system-out/>
  <testcase classname="convertJSONObjectResponseToPOJO.Video_58_ConvertJsonToPOJOClassToHandleDynamicPayloadUsingJackson" name="f">
    <skipped/>
  </testcase> <!-- f -->
  <system-out/>
</testsuite> <!-- convertJSONObjectResponseToPOJO.Video_58_ConvertJsonToPOJOClassToHandleDynamicPayloadUsingJackson -->
