<?xml version="1.0" encoding="UTF-8"?>
<!-- Generated by org.testng.reporters.JUnitReportReporter -->
<testsuite hostname="LAPTOP-D0CIFDTL" failures="0" tests="2" name="jsonpathexample.Video_31_InLineAssertionUsingJSONPath" time="4.183" errors="0" timestamp="2022-11-16T19:03:33 IST" skipped="1">
  <testcase classname="jsonpathexample.Video_31_InLineAssertionUsingJSONPath" name="f2" time="4.183"/>
  <system-out/>
  <testcase classname="jsonpathexample.Video_31_InLineAssertionUsingJSONPath" name="f1">
    <skipped/>
  </testcase> <!-- f1 -->
  <system-out/>
</testsuite> <!-- jsonpathexample.Video_31_InLineAssertionUsingJSONPath -->
