<?xml version="1.0" encoding="UTF-8"?>
<!-- Generated by org.testng.reporters.JUnitReportReporter -->
<testsuite hostname="LAPTOP-D0CIFDTL" failures="0" tests="2" name="restfulbooker.Video_17_RequestSpecificationInRestAssured" time="5.105" errors="0" timestamp="2022-11-16T08:50:16 IST" skipped="0">
  <testcase classname="restfulbooker.Video_17_RequestSpecificationInRestAssured" name="postRequest" time="3.247"/>
  <system-out/>
  <testcase classname="restfulbooker.Video_17_RequestSpecificationInRestAssured" name="postRequest2" time="1.858"/>
  <system-out/>
</testsuite> <!-- restfulbooker.Video_17_RequestSpecificationInRestAssured -->
