<?xml version="1.0" encoding="UTF-8"?>
<!-- Generated by org.testng.reporters.JUnitReportReporter -->
<testsuite hostname="LAPTOP-D0CIFDTL" failures="0" tests="2" name="restfulbooker.Video_18_ResponseSpecification" time="4.907" errors="0" timestamp="2022-11-16T09:20:58 IST" skipped="0">
  <testcase classname="restfulbooker.Video_18_ResponseSpecification" name="postMethod2" time="1.874"/>
  <system-out/>
  <testcase classname="restfulbooker.Video_18_ResponseSpecification" name="postMethod1" time="3.033"/>
  <system-out/>
</testsuite> <!-- restfulbooker.Video_18_ResponseSpecification -->
