<?xml version="1.0" encoding="UTF-8"?>
<!-- Generated by org.testng.reporters.JUnitReportReporter -->
<testsuite hostname="LAPTOP-D0CIFDTL" failures="0" tests="1" name="convertJSONObjectResponseToPOJO.Video_57_ConvertSimpleJSOnArrayResponseToPOJOUsingJavaList" time="2.457" errors="0" timestamp="2023-02-02T21:23:42 IST" skipped="0">
  <testcase classname="convertJSONObjectResponseToPOJO.Video_57_ConvertSimpleJSOnArrayResponseToPOJOUsingJavaList" name="f" time="2.457"/>
  <system-out/>
</testsuite> <!-- convertJSONObjectResponseToPOJO.Video_57_ConvertSimpleJSOnArrayResponseToPOJOUsingJavaList -->
