<?xml version="1.0" encoding="UTF-8"?>
<!-- Generated by org.testng.reporters.JUnitReportReporter -->
<testsuite hostname="LAPTOP-D0CIFDTL" failures="0" tests="1" name="restfulbooker.Video_24_JSONPath_Example" time="0.885" errors="0" timestamp="2022-11-16T14:09:19 IST" skipped="0">
  <testcase classname="restfulbooker.Video_24_JSONPath_Example" name="f" time="0.885"/>
  <system-out/>
</testsuite> <!-- restfulbooker.Video_24_JSONPath_Example -->
