<?xml version="1.0" encoding="UTF-8"?>
<!-- Generated by org.testng.reporters.JUnitReportReporter -->
<testsuite hostname="LAPTOP-D0CIFDTL" failures="0" tests="1" name="jsonpathexample.Video_28_ReadJsonPath_Tricky_JSONArray_And_NestedJSONArray" time="1.059" errors="0" timestamp="2023-05-15T07:02:37 IST" skipped="0">
  <testcase classname="jsonpathexample.Video_28_ReadJsonPath_Tricky_JSONArray_And_NestedJSONArray" name="f" time="1.059"/>
  <system-out/>
</testsuite> <!-- jsonpathexample.Video_28_ReadJsonPath_Tricky_JSONArray_And_NestedJSONArray -->
