<?xml version="1.0" encoding="UTF-8"?>
<!-- Generated by org.testng.reporters.JUnitReportReporter -->
<testsuite hostname="LAPTOP-D0CIFDTL" failures="0" tests="1" name="jsonpathexample.Video_28_ReadJsonPath_Tricky_JSONArray_And_NestedJSONArray" time="1.309" errors="0" timestamp="2023-02-18T18:31:48 IST" skipped="0">
  <testcase classname="jsonpathexample.Video_28_ReadJsonPath_Tricky_JSONArray_And_NestedJSONArray" name="f" time="1.309"/>
  <system-out/>
</testsuite> <!-- jsonpathexample.Video_28_ReadJsonPath_Tricky_JSONArray_And_NestedJSONArray -->
