<?xml version="1.0" encoding="UTF-8"?>
<!-- Generated by org.testng.reporters.JUnitReportReporter -->
<testsuite hostname="LAPTOP-D0CIFDTL" failures="0" tests="2" name="restfulbooker.Video_19_RequestAndResponse_Specification_Togther" time="3.562" errors="0" timestamp="2022-11-16T10:48:49 IST" skipped="1">
  <testcase classname="restfulbooker.Video_19_RequestAndResponse_Specification_Togther" name="postMethod2" time="3.562"/>
  <system-out/>
  <testcase classname="restfulbooker.Video_19_RequestAndResponse_Specification_Togther" name="postMethod">
    <skipped/>
  </testcase> <!-- postMethod -->
  <system-out/>
</testsuite> <!-- restfulbooker.Video_19_RequestAndResponse_Specification_Togther -->
