<?xml version="1.0" encoding="UTF-8"?>
<!-- Generated by org.testng.reporters.JUnitReportReporter -->
<testsuite hostname="LAPTOP-D0CIFDTL" failures="0" tests="1" name="convertJSONObjectResponseToPOJO.Video_56_ConvertSimpleJSOnArrayResponseToPOJO" time="1.725" errors="0" timestamp="2023-05-21T18:10:56 IST" skipped="0">
  <testcase classname="convertJSONObjectResponseToPOJO.Video_56_ConvertSimpleJSOnArrayResponseToPOJO" name="f" time="1.725"/>
  <system-out/>
</testsuite> <!-- convertJSONObjectResponseToPOJO.Video_56_ConvertSimpleJSOnArrayResponseToPOJO -->
