<?xml version="1.0" encoding="UTF-8"?>
<!-- Generated by org.testng.reporters.JUnitReportReporter -->
<testsuite hostname="LAPTOP-D0CIFDTL" failures="0" tests="1" name="convertJSONObjectResponseToPOJO.Video_54_NestedJSONObjectResponseToPOJO" time="2.843" errors="0" timestamp="2023-01-14T15:45:05 IST" skipped="0">
  <testcase classname="convertJSONObjectResponseToPOJO.Video_54_NestedJSONObjectResponseToPOJO" name="f1" time="2.843"/>
  <system-out/>
</testsuite> <!-- convertJSONObjectResponseToPOJO.Video_54_NestedJSONObjectResponseToPOJO -->
