<?xml version="1.0" encoding="UTF-8"?>
<!-- Generated by org.testng.reporters.JUnitReportReporter -->
<testsuite hostname="LAPTOP-D0CIFDTL" failures="0" tests="1" name="convertJSONObjectResponseToPOJO.Video_64_HowToUseJSONIncludeAtPropertyLevelToCreateDynamicPayload2" time="0.283" errors="0" timestamp="2023-02-03T08:48:07 IST" skipped="0">
  <testcase classname="convertJSONObjectResponseToPOJO.Video_64_HowToUseJSONIncludeAtPropertyLevelToCreateDynamicPayload2" name="f1" time="0.283"/>
  <system-out/>
</testsuite> <!-- convertJSONObjectResponseToPOJO.Video_64_HowToUseJSONIncludeAtPropertyLevelToCreateDynamicPayload2 -->
