<?xml version="1.0" encoding="UTF-8"?>
<!-- Generated by org.testng.reporters.JUnitReportReporter -->
<testsuite hostname="LAPTOP-D0CIFDTL" failures="0" tests="2" name="jsonpathexample.Video_29_ReadJsonPath_FromSimpleAndNestedJSONArray" time="0.726" errors="0" timestamp="2023-02-18T18:36:13 IST" skipped="1">
  <testcase classname="jsonpathexample.Video_29_ReadJsonPath_FromSimpleAndNestedJSONArray" name="f1" time="0.726"/>
  <system-out/>
  <testcase classname="jsonpathexample.Video_29_ReadJsonPath_FromSimpleAndNestedJSONArray" name="f">
    <skipped/>
  </testcase> <!-- f -->
  <system-out/>
</testsuite> <!-- jsonpathexample.Video_29_ReadJsonPath_FromSimpleAndNestedJSONArray -->
