<?xml version="1.0" encoding="UTF-8"?>
<!-- Generated by org.testng.reporters.JUnitReportReporter -->
<testsuite hostname="LAPTOP-D0CIFDTL" failures="0" tests="1" name="jsonpathexample.Video_30_JSON_PathWithFilters" time="0.776" errors="0" timestamp="2022-11-16T18:18:58 IST" skipped="0">
  <testcase classname="jsonpathexample.Video_30_JSON_PathWithFilters" name="f1" time="0.776"/>
  <system-out/>
</testsuite> <!-- jsonpathexample.Video_30_JSON_PathWithFilters -->
