<?xml version="1.0" encoding="UTF-8"?>
<!-- Generated by org.testng.reporters.JUnitReportReporter -->
<testsuite hostname="LAPTOP-D0CIFDTL" failures="0" tests="1" name="restfulbooker.Video_21_DefaultValues1" time="3.332" errors="0" timestamp="2022-11-16T12:52:51 IST" skipped="0">
  <testcase classname="restfulbooker.Video_21_DefaultValues1" name="postRequest" time="3.332"/>
  <system-out/>
</testsuite> <!-- restfulbooker.Video_21_DefaultValues1 -->
