<?xml version="1.0" encoding="UTF-8"?>
<!-- Generated by org.testng.reporters.JUnitReportReporter -->
<testsuite hostname="LAPTOP-D0CIFDTL" failures="0" tests="1" name="convertJSONObjectResponseToPOJO.Video_55_ConvertAPortionOfNestedJSONObjectResponseToPOJO" time="4.105" errors="0" timestamp="2022-12-26T23:43:54 IST" skipped="0">
  <testcase classname="convertJSONObjectResponseToPOJO.Video_55_ConvertAPortionOfNestedJSONObjectResponseToPOJO" name="f1" time="4.105"/>
  <system-out/>
</testsuite> <!-- convertJSONObjectResponseToPOJO.Video_55_ConvertAPortionOfNestedJSONObjectResponseToPOJO -->
