<?xml version="1.0" encoding="UTF-8"?>
<!-- Generated by org.testng.reporters.JUnitReportReporter -->
<testsuite hostname="LAPTOP-D0CIFDTL" failures="0" tests="1" name="convertJSONObjectResponseToPOJO.Video_65_HowToExtractValueFromDynamicJSONResponseUsingPOJOClass_JSONIgnoreProperties" time="0.167" errors="0" timestamp="2022-11-19T14:32:36 IST" skipped="0">
  <testcase classname="convertJSONObjectResponseToPOJO.Video_65_HowToExtractValueFromDynamicJSONResponseUsingPOJOClass_JSONIgnoreProperties" name="f1" time="0.167"/>
  <system-out/>
</testsuite> <!-- convertJSONObjectResponseToPOJO.Video_65_HowToExtractValueFromDynamicJSONResponseUsingPOJOClass_JSONIgnoreProperties -->
