<?xml version="1.0" encoding="UTF-8"?>
<!-- Generated by org.testng.reporters.JUnitReportReporter -->
<testsuite hostname="LAPTOP-D0CIFDTL" failures="0" tests="2" name="convertJSONObjectResponseToPOJO.Video_58_ConvertJsonToPOJOClassToHandleDynamicPayloadUsingJackson" time="0.297" errors="0" timestamp="2022-12-27T08:53:44 IST" skipped="1">
  <testcase classname="convertJSONObjectResponseToPOJO.Video_58_ConvertJsonToPOJOClassToHandleDynamicPayloadUsingJackson" name="f1" time="0.297"/>
  <system-out/>
  <testcase classname="convertJSONObjectResponseToPOJO.Video_58_ConvertJsonToPOJOClassToHandleDynamicPayloadUsingJackson" name="f">
    <skipped/>
  </testcase> <!-- f -->
  <system-out/>
</testsuite> <!-- convertJSONObjectResponseToPOJO.Video_58_ConvertJsonToPOJOClassToHandleDynamicPayloadUsingJackson -->
