<?xml version="1.0" encoding="UTF-8"?>
<!-- Generated by org.testng.reporters.JUnitReportReporter -->
<testsuite hostname="LAPTOP-D0CIFDTL" failures="0" tests="1" name="convertJSONObjectResponseToPOJO.Video_54_NestedJSONObjectResponseToPOJO" time="2.765" errors="0" timestamp="2022-11-18T21:21:30 IST" skipped="0">
  <testcase classname="convertJSONObjectResponseToPOJO.Video_54_NestedJSONObjectResponseToPOJO" name="f1" time="2.765"/>
  <system-out/>
</testsuite> <!-- convertJSONObjectResponseToPOJO.Video_54_NestedJSONObjectResponseToPOJO -->
