<?xml version="1.0" encoding="UTF-8"?>
<!-- Generated by org.testng.reporters.JUnitReportReporter -->
<testsuite hostname="LAPTOP-D0CIFDTL" failures="0" tests="1" name="datashare.Video_46_SharingData_Using_TestNgITextContext_GetBokingID" time="2.056" errors="0" timestamp="2022-11-18T08:30:06 IST" skipped="0">
  <testcase classname="datashare.Video_46_SharingData_Using_TestNgITextContext_GetBokingID" name="getRequestInOneLine" time="2.056"/>
  <system-out/>
</testsuite> <!-- datashare.Video_46_SharingData_Using_TestNgITextContext_GetBokingID -->
