<?xml version="1.0" encoding="UTF-8"?>
<!-- Generated by org.testng.reporters.JUnitReportReporter -->
<testsuite hostname="LAPTOP-D0CIFDTL" failures="0" tests="3" name="parseJsonData.TestClass2" time="0.936" errors="0" timestamp="2023-06-20T23:04:43 IST" skipped="2">
  <testcase classname="parseJsonData.TestClass2" name="f" time="0.936"/>
  <system-out/>
  <testcase classname="parseJsonData.TestClass2" name="f3">
    <skipped/>
  </testcase> <!-- f3 -->
  <system-out/>
  <testcase classname="parseJsonData.TestClass2" name="f1">
    <skipped/>
  </testcase> <!-- f1 -->
  <system-out/>
</testsuite> <!-- parseJsonData.TestClass2 -->
