<?xml version="1.0" encoding="UTF-8"?>
<!-- Generated by org.testng.reporters.JUnitReportReporter -->
<testsuite hostname="LAPTOP-D0CIFDTL" failures="0" tests="1" name="convertJSONObjectResponseToPOJO.Video_62_HowToUseJSONIncludeAtPropertyLevelToCreateDynamicPayload" time="0.180" errors="0" timestamp="2022-11-19T12:59:38 IST" skipped="0">
  <testcase classname="convertJSONObjectResponseToPOJO.Video_62_HowToUseJSONIncludeAtPropertyLevelToCreateDynamicPayload" name="f1" time="0.180"/>
  <system-out/>
</testsuite> <!-- convertJSONObjectResponseToPOJO.Video_62_HowToUseJSONIncludeAtPropertyLevelToCreateDynamicPayload -->
