<?xml version="1.0" encoding="UTF-8"?>
<!-- Generated by org.testng.reporters.JUnitReportReporter -->
<testsuite hostname="LAPTOP-D0CIFDTL" failures="0" tests="1" name="payloadsexample.Video_37_CreateComplexJSON_Payload" time="1.307" errors="0" timestamp="2023-06-30T23:08:32 IST" skipped="0">
  <testcase classname="payloadsexample.Video_37_CreateComplexJSON_Payload" name="f2" time="1.307"/>
  <system-out/>
</testsuite> <!-- payloadsexample.Video_37_CreateComplexJSON_Payload -->
