<?xml version="1.0" encoding="UTF-8"?>
<!-- Generated by org.testng.reporters.JUnitReportReporter -->
<testsuite hostname="LAPTOP-D0CIFDTL" failures="0" tests="3" name="jsonpathexample.Video_24_JSONPath_Example" time="0.918" errors="0" timestamp="2022-11-16T15:25:53 IST" skipped="2">
  <testcase classname="jsonpathexample.Video_24_JSONPath_Example" name="f3" time="0.918"/>
  <system-out/>
  <testcase classname="jsonpathexample.Video_24_JSONPath_Example" name="f2">
    <skipped/>
  </testcase> <!-- f2 -->
  <system-out/>
  <testcase classname="jsonpathexample.Video_24_JSONPath_Example" name="f">
    <skipped/>
  </testcase> <!-- f -->
  <system-out/>
</testsuite> <!-- jsonpathexample.Video_24_JSONPath_Example -->
