<?xml version="1.0" encoding="UTF-8"?>
<!-- Generated by org.testng.reporters.JUnitReportReporter -->
<testsuite hostname="LAPTOP-D0CIFDTL" failures="0" tests="1" name="datashare.Video_45_SharingData_Using_ITextContext_GetBokingID" time="1.577" errors="0" timestamp="2022-11-18T08:09:06 IST" skipped="0">
  <testcase classname="datashare.Video_45_SharingData_Using_ITextContext_GetBokingID" name="getRequestInOneLine" time="1.577"/>
  <system-out/>
</testsuite> <!-- datashare.Video_45_SharingData_Using_ITextContext_GetBokingID -->
