<?xml version="1.0" encoding="UTF-8"?>
<!-- Generated by org.testng.reporters.JUnitReportReporter -->
<testsuite hostname="LAPTOP-D0CIFDTL" failures="0" tests="2" name="datashare.ShareDataFromOneAPI_To_AnotherAPI_UsingMap" time="6.012" errors="0" timestamp="2022-11-17T09:50:38 IST" skipped="0">
  <testcase classname="datashare.ShareDataFromOneAPI_To_AnotherAPI_UsingMap" name="getRequestInOneLine" time="1.906"/>
  <system-out/>
  <testcase classname="datashare.ShareDataFromOneAPI_To_AnotherAPI_UsingMap" name="f1" time="4.106"/>
  <system-out/>
</testsuite> <!-- datashare.ShareDataFromOneAPI_To_AnotherAPI_UsingMap -->
