<?xml version="1.0" encoding="UTF-8"?>
<!-- Generated by org.testng.reporters.JUnitReportReporter -->
<testsuite hostname="LAPTOP-D0CIFDTL" failures="0" tests="1" name="convertJSONObjectResponseToPOJO.Video_59_ConvertJsonObjectToDynamicPayloadWithoutPOJOUsingJackson" time="0.160" errors="0" timestamp="2022-11-19T09:41:09 IST" skipped="0">
  <testcase classname="convertJSONObjectResponseToPOJO.Video_59_ConvertJsonObjectToDynamicPayloadWithoutPOJOUsingJackson" name="f1" time="0.160"/>
  <system-out/>
</testsuite> <!-- convertJSONObjectResponseToPOJO.Video_59_ConvertJsonObjectToDynamicPayloadWithoutPOJOUsingJackson -->
