<?xml version="1.0" encoding="UTF-8"?>
<!-- Generated by org.testng.reporters.JUnitReportReporter -->
<testsuite hostname="LAPTOP-D0CIFDTL" failures="0" tests="1" name="convertJSONObjectResponseToPOJO.Video_55_ConvertAPortionOfNestedJSONObjectResponseToPOJO" time="3.770" errors="0" timestamp="2022-11-18T22:49:53 IST" skipped="0">
  <testcase classname="convertJSONObjectResponseToPOJO.Video_55_ConvertAPortionOfNestedJSONObjectResponseToPOJO" name="f1" time="3.770"/>
  <system-out/>
</testsuite> <!-- convertJSONObjectResponseToPOJO.Video_55_ConvertAPortionOfNestedJSONObjectResponseToPOJO -->
