<?xml version="1.0" encoding="UTF-8"?>
<!-- Generated by org.testng.reporters.JUnitReportReporter -->
<testsuite hostname="LAPTOP-D0CIFDTL" failures="0" tests="1" name="lombookExample.Video_70_HowToUseBuilderAnnotaionOfLombok" time="0.158" errors="0" timestamp="2022-11-19T17:56:20 IST" skipped="0">
  <testcase classname="lombookExample.Video_70_HowToUseBuilderAnnotaionOfLombok" name="f" time="0.158"/>
  <system-out/>
</testsuite> <!-- lombookExample.Video_70_HowToUseBuilderAnnotaionOfLombok -->
