<?xml version="1.0" encoding="UTF-8"?>
<!-- Generated by org.testng.reporters.JUnitReportReporter -->
<testsuite hostname="LAPTOP-D0CIFDTL" failures="0" tests="2" name="jsonpathexample.Video_30_ReadJSON_PathUsingFilters" time="1.050" errors="0" timestamp="2022-11-16T18:43:13 IST" skipped="1">
  <testcase classname="jsonpathexample.Video_30_ReadJSON_PathUsingFilters" name="f2" time="1.050"/>
  <system-out/>
  <testcase classname="jsonpathexample.Video_30_ReadJSON_PathUsingFilters" name="f1">
    <skipped/>
  </testcase> <!-- f1 -->
  <system-out/>
</testsuite> <!-- jsonpathexample.Video_30_ReadJSON_PathUsingFilters -->
