<?xml version="1.0" encoding="UTF-8"?>
<!-- Generated by org.testng.reporters.JUnitReportReporter -->
<testsuite hostname="LAPTOP-D0CIFDTL" failures="0" tests="1" name="restfulbooker.Video_20_Measuring_ResponseTime" time="3.894" errors="0" timestamp="2022-12-20T22:23:38 IST" skipped="0">
  <testcase classname="restfulbooker.Video_20_Measuring_ResponseTime" name="postMethod" time="3.894"/>
  <system-out/>
</testsuite> <!-- restfulbooker.Video_20_Measuring_ResponseTime -->
