<?xml version="1.0" encoding="UTF-8"?>
<!-- Generated by org.testng.reporters.JUnitReportReporter -->
<testsuite hostname="LAPTOP-D0CIFDTL" failures="0" tests="3" name="parseJsonData.TestClass2" time="0.272" errors="0" timestamp="2023-02-18T17:48:35 IST" skipped="2">
  <testcase classname="parseJsonData.TestClass2" name="f3" time="0.272"/>
  <system-out/>
  <testcase classname="parseJsonData.TestClass2" name="f">
    <skipped/>
  </testcase> <!-- f -->
  <system-out/>
  <testcase classname="parseJsonData.TestClass2" name="f1">
    <skipped/>
  </testcase> <!-- f1 -->
  <system-out/>
</testsuite> <!-- parseJsonData.TestClass2 -->
