<?xml version="1.0" encoding="UTF-8"?>
<!-- Generated by org.testng.reporters.JUnitReportReporter -->
<testsuite hostname="LAPTOP-D0CIFDTL" failures="0" tests="1" name="convertJSONObjectResponseToPOJO.Video_64_HowToUseJSONIncludeAtPropertyLevelToCreateDynamicPayload2" time="0.159" errors="0" timestamp="2022-11-19T14:05:24 IST" skipped="0">
  <testcase classname="convertJSONObjectResponseToPOJO.Video_64_HowToUseJSONIncludeAtPropertyLevelToCreateDynamicPayload2" name="f1" time="0.159"/>
  <system-out/>
</testsuite> <!-- convertJSONObjectResponseToPOJO.Video_64_HowToUseJSONIncludeAtPropertyLevelToCreateDynamicPayload2 -->
