<?xml version="1.0" encoding="UTF-8"?>
<!-- Generated by org.testng.reporters.JUnitReportReporter -->
<testsuite hostname="LAPTOP-D0CIFDTL" failures="0" tests="1" name="datashare.Video_46_SharingData_Using_TestNgITextContext_CreateBokingID" time="4.788" errors="0" timestamp="2022-11-18T08:30:06 IST" skipped="0">
  <testcase classname="datashare.Video_46_SharingData_Using_TestNgITextContext_CreateBokingID" name="f1" time="4.788"/>
  <system-out/>
</testsuite> <!-- datashare.Video_46_SharingData_Using_TestNgITextContext_CreateBokingID -->
