<?xml version="1.0" encoding="UTF-8"?>
<!-- Generated by org.testng.reporters.JUnitReportReporter -->
<testsuite hostname="LAPTOP-D0CIFDTL" failures="0" tests="1" name="payloadsexample.Video_35_CreateNestedJsonObjectUsingMap" time="1.310" errors="0" timestamp="2023-06-30T23:07:43 IST" skipped="0">
  <testcase classname="payloadsexample.Video_35_CreateNestedJsonObjectUsingMap" name="f" time="1.310"/>
  <system-out/>
</testsuite> <!-- payloadsexample.Video_35_CreateNestedJsonObjectUsingMap -->
