<?xml version="1.0" encoding="UTF-8"?>
<!-- Generated by org.testng.reporters.JUnitReportReporter -->
<testsuite hostname="LAPTOP-D0CIFDTL" failures="0" tests="3" name="restfulbooker.Video_10_PathParameterExample" time="2.812" errors="0" timestamp="2022-12-19T22:43:11 IST" skipped="2">
  <testcase classname="restfulbooker.Video_10_PathParameterExample" name="getRequestUsingMap" time="2.812"/>
  <system-out/>
  <testcase classname="restfulbooker.Video_10_PathParameterExample" name="getRequestInOneLine">
    <skipped/>
  </testcase> <!-- getRequestInOneLine -->
  <system-out/>
  <testcase classname="restfulbooker.Video_10_PathParameterExample" name="getRequestInLine">
    <skipped/>
  </testcase> <!-- getRequestInLine -->
  <system-out/>
</testsuite> <!-- restfulbooker.Video_10_PathParameterExample -->
