<?xml version="1.0" encoding="UTF-8"?>
<!-- Generated by org.testng.reporters.JUnitReportReporter -->
<testsuite hostname="LAPTOP-D0CIFDTL" failures="0" tests="1" name="convertJSONObjectResponseToPOJO.Video_66_howToCreatePOJOForJSONWithPropertyNameNotValidWithJavaVariable" time="0.293" errors="0" timestamp="2023-02-03T08:53:31 IST" skipped="0">
  <testcase classname="convertJSONObjectResponseToPOJO.Video_66_howToCreatePOJOForJSONWithPropertyNameNotValidWithJavaVariable" name="f" time="0.293"/>
  <system-out/>
</testsuite> <!-- convertJSONObjectResponseToPOJO.Video_66_howToCreatePOJOForJSONWithPropertyNameNotValidWithJavaVariable -->
