<?xml version="1.0" encoding="UTF-8"?>
<!-- Generated by org.testng.reporters.JUnitReportReporter -->
<testsuite hostname="LAPTOP-D0CIFDTL" failures="0" tests="3" name="payloadsexample.Video_39_Convert_JSONResponseToJavaMap" time="2.074" errors="0" timestamp="2022-11-17T00:41:15 IST" skipped="2">
  <testcase classname="payloadsexample.Video_39_Convert_JSONResponseToJavaMap" name="f3" time="2.074"/>
  <system-out/>
  <testcase classname="payloadsexample.Video_39_Convert_JSONResponseToJavaMap" name="f1">
    <skipped/>
  </testcase> <!-- f1 -->
  <system-out/>
  <testcase classname="payloadsexample.Video_39_Convert_JSONResponseToJavaMap" name="f2">
    <skipped/>
  </testcase> <!-- f2 -->
  <system-out/>
</testsuite> <!-- payloadsexample.Video_39_Convert_JSONResponseToJavaMap -->
