<?xml version="1.0" encoding="UTF-8"?>
<!-- Generated by org.testng.reporters.JUnitReportReporter -->
<testsuite hostname="LAPTOP-D0CIFDTL" failures="0" tests="2" name="jsonpathexample.Video_26_ReadSimpleAndNested_JSONPath" time="0.811" errors="0" timestamp="2023-02-18T18:30:44 IST" skipped="1">
  <testcase classname="jsonpathexample.Video_26_ReadSimpleAndNested_JSONPath" name="f1" time="0.811"/>
  <system-out/>
  <testcase classname="jsonpathexample.Video_26_ReadSimpleAndNested_JSONPath" name="f">
    <skipped/>
  </testcase> <!-- f -->
  <system-out/>
</testsuite> <!-- jsonpathexample.Video_26_ReadSimpleAndNested_JSONPath -->
