<?xml version="1.0" encoding="UTF-8"?>
<!-- Generated by org.testng.reporters.JUnitReportReporter -->
<testsuite hostname="LAPTOP-D0CIFDTL" failures="0" tests="2" name="datashare.Video_43_ParallelTestNgRun_UsingMap" time="5.803" errors="0" timestamp="2022-11-18T00:10:52 IST" skipped="0">
  <testcase classname="datashare.Video_43_ParallelTestNgRun_UsingMap" name="f1" time="4.153"/>
  <system-out/>
  <testcase classname="datashare.Video_43_ParallelTestNgRun_UsingMap" name="getRequestInOneLine" time="1.650"/>
  <system-out/>
</testsuite> <!-- datashare.Video_43_ParallelTestNgRun_UsingMap -->
