<?xml version="1.0" encoding="UTF-8"?>
<!-- Generated by org.testng.reporters.JUnitReportReporter -->
<testsuite hostname="LAPTOP-D0CIFDTL" failures="0" tests="1" name="convertJSONObjectResponseToPOJO.Video_60_CreateDynamicJSONPayloadUsingPOJO_RemoveDefaultValue" time="0.262" errors="0" timestamp="2023-02-03T08:44:18 IST" skipped="0">
  <testcase classname="convertJSONObjectResponseToPOJO.Video_60_CreateDynamicJSONPayloadUsingPOJO_RemoveDefaultValue" name="f1" time="0.262"/>
  <system-out/>
</testsuite> <!-- convertJSONObjectResponseToPOJO.Video_60_CreateDynamicJSONPayloadUsingPOJO_RemoveDefaultValue -->
