<?xml version="1.0" encoding="UTF-8"?>
<!-- Generated by org.testng.reporters.JUnitReportReporter -->
<testsuite hostname="LAPTOP-D0CIFDTL" failures="0" tests="1" name="parseJsonData.TestClass1" time="0.009" errors="0" timestamp="2023-06-14T20:29:56 IST" skipped="0">
  <testcase classname="parseJsonData.TestClass1" name="f1" time="0.009"/>
  <system-out/>
</testsuite> <!-- parseJsonData.TestClass1 -->
