<?xml version="1.0" encoding="UTF-8"?>
<!-- Generated by org.testng.reporters.JUnitReportReporter -->
<testsuite hostname="LAPTOP-D0CIFDTL" failures="0" tests="1" name="restfulbooker.Video_20_Measuring_ResponseTime" time="3.467" errors="0" timestamp="2022-11-16T11:19:34 IST" skipped="0">
  <testcase classname="restfulbooker.Video_20_Measuring_ResponseTime" name="postMethod" time="3.467"/>
  <system-out/>
</testsuite> <!-- restfulbooker.Video_20_Measuring_ResponseTime -->
