<?xml version="1.0" encoding="UTF-8"?>
<!-- Generated by org.testng.reporters.JUnitReportReporter -->
<testsuite hostname="LAPTOP-D0CIFDTL" failures="0" tests="2" name="convertJSONObjectResponseToPOJO.Video_59_ConvertJsonObjectToDynamicPayloadWithoutPOJOUsingJackson" time="1.232" errors="0" timestamp="2023-02-09T00:17:37 IST" skipped="1">
  <testcase classname="convertJSONObjectResponseToPOJO.Video_59_ConvertJsonObjectToDynamicPayloadWithoutPOJOUsingJackson" name="f2" time="1.232"/>
  <system-out/>
  <testcase classname="convertJSONObjectResponseToPOJO.Video_59_ConvertJsonObjectToDynamicPayloadWithoutPOJOUsingJackson" name="f1">
    <skipped/>
  </testcase> <!-- f1 -->
  <system-out/>
</testsuite> <!-- convertJSONObjectResponseToPOJO.Video_59_ConvertJsonObjectToDynamicPayloadWithoutPOJOUsingJackson -->
