<?xml version="1.0" encoding="UTF-8"?>
<!-- Generated by org.testng.reporters.JUnitReportReporter -->
<testsuite hostname="LAPTOP-D0CIFDTL" failures="1" tests="3" name="schemaexample.Video_33_ValidateJSONSchema" time="0.295" errors="0" timestamp="2022-11-16T22:12:25 IST" skipped="2">
  <testcase classname="schemaexample.Video_33_ValidateJSONSchema" name="f3" time="0.295">
    <failure message="
Expected: The content to match the given JSON schema.
warning: the following keywords are unknown and will be ignored: [$id, examples]
    level: &quot;warning&quot;
    schema: {&quot;loadingURI&quot;:&quot;file:/D:/WorkSpaces/APITestingWorkspace/RestAssuredTutorialByReTargetCommon/target/test-classes/CreateBookingResponseSchema2.json#&quot;,&quot;pointer&quot;:&quot;&quot;}
    domain: &quot;syntax&quot;
    ignored: [&quot;$id&quot;,&quot;examples&quot;]
warning: the following keywords are unknown and will be ignored: [examples]
    level: &quot;warning&quot;
    schema: {&quot;loadingURI&quot;:&quot;file:/D:/WorkSpaces/APITestingWorkspace/RestAssuredTutorialByReTargetCommon/target/test-classes/CreateBookingResponseSchema2.json#&quot;,&quot;pointer&quot;:&quot;/properties/booking&quot;}
    domain: &quot;syntax&quot;
    ignored: [&quot;examples&quot;]
warning: the following keywords are unknown and will be ignored: [examples]
    level: &quot;warning&quot;
    schema: {&quot;loadingURI&quot;:&quot;file:/D:/WorkSpaces/APITestingWorkspace/RestAssuredTutorialByReTargetCommon/target/test-classes/CreateBookingResponseSchema2.json#&quot;,&quot;pointer&quot;:&quot;/properties/booking/properties/additionalneeds&quot;}
    domain: &quot;syntax&quot;
    ignored: [&quot;examples&quot;]
warning: the following keywords are unknown and will be ignored: [examples]
    level: &quot;warning&quot;
    schema: {&quot;loadingURI&quot;:&quot;file:/D:/WorkSpaces/APITestingWorkspace/RestAssuredTutorialByReTargetCommon/target/test-classes/CreateBookingResponseSchema2.json#&quot;,&quot;pointer&quot;:&quot;/properties/booking/properties/bookingdates&quot;}
    domain: &quot;syntax&quot;
    ignored: [&quot;examples&quot;]
warning: the following keywords are unknown and will be ignored: [examples]
    level: &quot;warning&quot;
    schema: {&quot;loadingURI&quot;:&quot;file:/D:/WorkSpaces/APITestingWorkspace/RestAssuredTutorialByReTargetCommon/target/test-classes/CreateBookingResponseSchema2.json#&quot;,&quot;pointer&quot;:&quot;/properties/booking/properties/bookingdates/properties/checkin&quot;}
    domain: &quot;syntax&quot;
    ignored: [&quot;examples&quot;]
warning: the following keywords are unknown and will be ignored: [examples]
    level: &quot;warning&quot;
    schema: {&quot;loadingURI&quot;:&quot;file:/D:/WorkSpaces/APITestingWorkspace/RestAssuredTutorialByReTargetCommon/target/test-classes/CreateBookingResponseSchema2.json#&quot;,&quot;pointer&quot;:&quot;/properties/booking/properties/bookingdates/properties/checkout&quot;}
    domain: &quot;syntax&quot;
    ignored: [&quot;examples&quot;]
warning: the following keywords are unknown and will be ignored: [examples]
    level: &quot;warning&quot;
    schema: {&quot;loadingURI&quot;:&quot;file:/D:/WorkSpaces/APITestingWorkspace/RestAssuredTutorialByReTargetCommon/target/test-classes/CreateBookingResponseSchema2.json#&quot;,&quot;pointer&quot;:&quot;/properties/booking/properties/depositpaid&quot;}
    domain: &quot;syntax&quot;
    ignored: [&quot;examples&quot;]
warning: the following keywords are unknown and will be ignored: [examples]
    level: &quot;warning&quot;
    schema: {&quot;loadingURI&quot;:&quot;file:/D:/WorkSpaces/APITestingWorkspace/RestAssuredTutorialByReTargetCommon/target/test-classes/CreateBookingResponseSchema2.json#&quot;,&quot;pointer&quot;:&quot;/properties/booking/properties/firstname&quot;}
    domain: &quot;syntax&quot;
    ignored: [&quot;examples&quot;]
warning: the following keywords are unknown and will be ignored: [examples]
    level: &quot;warning&quot;
    schema: {&quot;loadingURI&quot;:&quot;file:/D:/WorkSpaces/APITestingWorkspace/RestAssuredTutorialByReTargetCommon/target/test-classes/CreateBookingResponseSchema2.json#&quot;,&quot;pointer&quot;:&quot;/properties/booking/properties/lastname&quot;}
    domain: &quot;syntax&quot;
    ignored: [&quot;examples&quot;]
warning: the following keywords are unknown and will be ignored: [examples]
    level: &quot;warning&quot;
    schema: {&quot;loadingURI&quot;:&quot;file:/D:/WorkSpaces/APITestingWorkspace/RestAssuredTutorialByReTargetCommon/target/test-classes/CreateBookingResponseSchema2.json#&quot;,&quot;pointer&quot;:&quot;/properties/booking/properties/totalprice&quot;}
    domain: &quot;syntax&quot;
    ignored: [&quot;examples&quot;]
warning: the following keywords are unknown and will be ignored: [examples]
    level: &quot;warning&quot;
    schema: {&quot;loadingURI&quot;:&quot;file:/D:/WorkSpaces/APITestingWorkspace/RestAssuredTutorialByReTargetCommon/target/test-classes/CreateBookingResponseSchema2.json#&quot;,&quot;pointer&quot;:&quot;/properties/bookingid&quot;}
    domain: &quot;syntax&quot;
    ignored: [&quot;examples&quot;]
error: object has missing required properties ([&quot;booking&quot;,&quot;bookingid&quot;])
    level: &quot;error&quot;
    schema: {&quot;loadingURI&quot;:&quot;file:/D:/WorkSpaces/APITestingWorkspace/RestAssuredTutorialByReTargetCommon/target/test-classes/CreateBookingResponseSchema2.json#&quot;,&quot;pointer&quot;:&quot;&quot;}
    instance: {&quot;pointer&quot;:&quot;&quot;}
    domain: &quot;validation&quot;
    keyword: &quot;required&quot;
    required: [&quot;booking&quot;,&quot;bookingid&quot;]
    missing: [&quot;booking&quot;,&quot;bookingid&quot;]

     but: was &quot;{\r\n    \&quot;firstname\&quot; : \&quot;Jim\&quot;,\r\n    \&quot;lastname\&quot; : \&quot;Brown\&quot;,\r\n    \&quot;totalprice\&quot; : 111,\r\n    \&quot;depositpaid\&quot; : true,\r\n    \&quot;bookingdates\&quot; : {\r\n        \&quot;checkin\&quot; : \&quot;2018-01-01\&quot;,\r\n        \&quot;checkout\&quot; : \&quot;2019-01-01\&quot;\r\n    },\r\n    \&quot;additionalneeds\&quot; : \&quot;Breakfast\&quot;\r\n}&quot;" type="java.lang.AssertionError">
      <![CDATA[java.lang.AssertionError: 
Expected: The content to match the given JSON schema.
warning: the following keywords are unknown and will be ignored: [$id, examples]
    level: "warning"
    schema: {"loadingURI":"file:/D:/WorkSpaces/APITestingWorkspace/RestAssuredTutorialByReTargetCommon/target/test-classes/CreateBookingResponseSchema2.json#","pointer":""}
    domain: "syntax"
    ignored: ["$id","examples"]
warning: the following keywords are unknown and will be ignored: [examples]
    level: "warning"
    schema: {"loadingURI":"file:/D:/WorkSpaces/APITestingWorkspace/RestAssuredTutorialByReTargetCommon/target/test-classes/CreateBookingResponseSchema2.json#","pointer":"/properties/booking"}
    domain: "syntax"
    ignored: ["examples"]
warning: the following keywords are unknown and will be ignored: [examples]
    level: "warning"
    schema: {"loadingURI":"file:/D:/WorkSpaces/APITestingWorkspace/RestAssuredTutorialByReTargetCommon/target/test-classes/CreateBookingResponseSchema2.json#","pointer":"/properties/booking/properties/additionalneeds"}
    domain: "syntax"
    ignored: ["examples"]
warning: the following keywords are unknown and will be ignored: [examples]
    level: "warning"
    schema: {"loadingURI":"file:/D:/WorkSpaces/APITestingWorkspace/RestAssuredTutorialByReTargetCommon/target/test-classes/CreateBookingResponseSchema2.json#","pointer":"/properties/booking/properties/bookingdates"}
    domain: "syntax"
    ignored: ["examples"]
warning: the following keywords are unknown and will be ignored: [examples]
    level: "warning"
    schema: {"loadingURI":"file:/D:/WorkSpaces/APITestingWorkspace/RestAssuredTutorialByReTargetCommon/target/test-classes/CreateBookingResponseSchema2.json#","pointer":"/properties/booking/properties/bookingdates/properties/checkin"}
    domain: "syntax"
    ignored: ["examples"]
warning: the following keywords are unknown and will be ignored: [examples]
    level: "warning"
    schema: {"loadingURI":"file:/D:/WorkSpaces/APITestingWorkspace/RestAssuredTutorialByReTargetCommon/target/test-classes/CreateBookingResponseSchema2.json#","pointer":"/properties/booking/properties/bookingdates/properties/checkout"}
    domain: "syntax"
    ignored: ["examples"]
warning: the following keywords are unknown and will be ignored: [examples]
    level: "warning"
    schema: {"loadingURI":"file:/D:/WorkSpaces/APITestingWorkspace/RestAssuredTutorialByReTargetCommon/target/test-classes/CreateBookingResponseSchema2.json#","pointer":"/properties/booking/properties/depositpaid"}
    domain: "syntax"
    ignored: ["examples"]
warning: the following keywords are unknown and will be ignored: [examples]
    level: "warning"
    schema: {"loadingURI":"file:/D:/WorkSpaces/APITestingWorkspace/RestAssuredTutorialByReTargetCommon/target/test-classes/CreateBookingResponseSchema2.json#","pointer":"/properties/booking/properties/firstname"}
    domain: "syntax"
    ignored: ["examples"]
warning: the following keywords are unknown and will be ignored: [examples]
    level: "warning"
    schema: {"loadingURI":"file:/D:/WorkSpaces/APITestingWorkspace/RestAssuredTutorialByReTargetCommon/target/test-classes/CreateBookingResponseSchema2.json#","pointer":"/properties/booking/properties/lastname"}
    domain: "syntax"
    ignored: ["examples"]
warning: the following keywords are unknown and will be ignored: [examples]
    level: "warning"
    schema: {"loadingURI":"file:/D:/WorkSpaces/APITestingWorkspace/RestAssuredTutorialByReTargetCommon/target/test-classes/CreateBookingResponseSchema2.json#","pointer":"/properties/booking/properties/totalprice"}
    domain: "syntax"
    ignored: ["examples"]
warning: the following keywords are unknown and will be ignored: [examples]
    level: "warning"
    schema: {"loadingURI":"file:/D:/WorkSpaces/APITestingWorkspace/RestAssuredTutorialByReTargetCommon/target/test-classes/CreateBookingResponseSchema2.json#","pointer":"/properties/bookingid"}
    domain: "syntax"
    ignored: ["examples"]
error: object has missing required properties (["booking","bookingid"])
    level: "error"
    schema: {"loadingURI":"file:/D:/WorkSpaces/APITestingWorkspace/RestAssuredTutorialByReTargetCommon/target/test-classes/CreateBookingResponseSchema2.json#","pointer":""}
    instance: {"pointer":""}
    domain: "validation"
    keyword: "required"
    required: ["booking","bookingid"]
    missing: ["booking","bookingid"]

     but: was "{\r\n    \"firstname\" : \"Jim\",\r\n    \"lastname\" : \"Brown\",\r\n    \"totalprice\" : 111,\r\n    \"depositpaid\" : true,\r\n    \"bookingdates\" : {\r\n        \"checkin\" : \"2018-01-01\",\r\n        \"checkout\" : \"2019-01-01\"\r\n    },\r\n    \"additionalneeds\" : \"Breakfast\"\r\n}"
at org.hamcrest.MatcherAssert.assertThat(MatcherAssert.java:18)
at org.hamcrest.MatcherAssert.assertThat(MatcherAssert.java:6)
at schemaexample.Video_33_ValidateJSONSchema.f3(Video_33_ValidateJSONSchema.java:96)
at java.base/jdk.internal.reflect.NativeMethodAccessorImpl.invoke0(Native Method)
at java.base/jdk.internal.reflect.NativeMethodAccessorImpl.invoke(NativeMethodAccessorImpl.java:77)
at java.base/jdk.internal.reflect.DelegatingMethodAccessorImpl.invoke(DelegatingMethodAccessorImpl.java:43)
at java.base/java.lang.reflect.Method.invoke(Method.java:568)
at org.testng.internal.MethodInvocationHelper.invokeMethod(MethodInvocationHelper.java:133)
at org.testng.internal.TestInvoker.invokeMethod(TestInvoker.java:598)
at org.testng.internal.TestInvoker.invokeTestMethod(TestInvoker.java:173)
at org.testng.internal.MethodRunner.runInSequence(MethodRunner.java:46)
at org.testng.internal.TestInvoker$MethodInvocationAgent.invoke(TestInvoker.java:824)
at org.testng.internal.TestInvoker.invokeTestMethods(TestInvoker.java:146)
at org.testng.internal.TestMethodWorker.invokeTestMethods(TestMethodWorker.java:146)
at org.testng.internal.TestMethodWorker.run(TestMethodWorker.java:128)
at java.base/java.util.ArrayList.forEach(ArrayList.java:1511)
at org.testng.TestRunner.privateRun(TestRunner.java:794)
at org.testng.TestRunner.run(TestRunner.java:596)
at org.testng.SuiteRunner.runTest(SuiteRunner.java:377)
at org.testng.SuiteRunner.runSequentially(SuiteRunner.java:371)
at org.testng.SuiteRunner.privateRun(SuiteRunner.java:332)
at org.testng.SuiteRunner.run(SuiteRunner.java:276)
at org.testng.SuiteRunnerWorker.runSuite(SuiteRunnerWorker.java:53)
at org.testng.SuiteRunnerWorker.run(SuiteRunnerWorker.java:96)
at org.testng.TestNG.runSuitesSequentially(TestNG.java:1212)
at org.testng.TestNG.runSuitesLocally(TestNG.java:1134)
at org.testng.TestNG.runSuites(TestNG.java:1063)
at org.testng.TestNG.run(TestNG.java:1031)
at org.testng.remote.AbstractRemoteTestNG.run(AbstractRemoteTestNG.java:115)
at org.testng.remote.RemoteTestNG.initAndRun(RemoteTestNG.java:251)
at org.testng.remote.RemoteTestNG.main(RemoteTestNG.java:77)
]]>
    </failure>
  </testcase> <!-- f3 -->
  <system-out/>
  <testcase classname="schemaexample.Video_33_ValidateJSONSchema" name="f1">
    <skipped/>
  </testcase> <!-- f1 -->
  <system-out/>
  <testcase classname="schemaexample.Video_33_ValidateJSONSchema" name="f2">
    <skipped/>
  </testcase> <!-- f2 -->
  <system-out/>
</testsuite> <!-- schemaexample.Video_33_ValidateJSONSchema -->
