<?xml version="1.0" encoding="UTF-8"?>
<!-- Generated by org.testng.reporters.JUnitReportReporter -->
<testsuite hostname="LAPTOP-D0CIFDTL" failures="0" tests="1" name="schemaexample.TestClass1" time="0.010" errors="0" timestamp="2023-02-12T09:04:55 IST" skipped="0">
  <testcase classname="schemaexample.TestClass1" name="f1" time="0.010"/>
  <system-out/>
</testsuite> <!-- schemaexample.TestClass1 -->
